<?xml version="1.0" encoding="UTF-8"?>
<coverage generated="1637235247">
  <project timestamp="1637235247">
    <file name="/home/carlos/sample/phpProj/src/tests/phpunit/Sample.php">
      <class name="Person" namespace="global">
        <metrics complexity="2" methods="2" coveredmethods="1" conditionals="0" coveredconditionals="0" statements="2" coveredstatements="1" elements="4" coveredelements="2"/>
      </class>
      <line num="5" type="method" name="greeting" visibility="public" complexity="1" crap="1" count="1"/>
      <line num="7" type="stmt" count="1"/>
      <line num="10" type="method" name="notCovered" visibility="public" complexity="1" crap="2" count="0"/>
      <line num="12" type="stmt" count="0"/>
      <line num="14" type="stmt" count="1"/>
      <metrics loc="13" ncloc="13" classes="1" methods="2" coveredmethods="1" conditionals="0" coveredconditionals="0" statements="2" coveredstatements="1" elements="4" coveredelements="2"/>
    </file>
    <file name="/home/carlos/sample/phpProj/src/tests/phpunit/SampleTest.php">
      <class name="SampleTest" namespace="global">
        <metrics complexity="1" methods="1" coveredmethods="1" conditionals="0" coveredconditionals="0" statements="4" coveredstatements="4" elements="5" coveredelements="5"/>
      </class>
      <line num="8" type="method" name="test_sample" visibility="public" complexity="1" crap="1" count="1"/>
      <line num="9" type="stmt" count="1"/>
      <line num="10" type="stmt" count="1"/>
      <line num="11" type="stmt" count="1"/>
      <line num="12" type="stmt" count="1"/>
      <metrics loc="12" ncloc="11" classes="1" methods="1" coveredmethods="1" conditionals="0" coveredconditionals="0" statements="4" coveredstatements="4" elements="5" coveredelements="5"/>
    </file>
    <metrics files="2" loc="25" ncloc="24" classes="2" methods="3" coveredmethods="2" conditionals="0" coveredconditionals="0" statements="6" coveredstatements="5" elements="9" coveredelements="7"/>
  </project>
</coverage>
